<?xml version="1.0" encoding="UTF-8"?>
<net:Netfile xmlns:ccms="http://www.cra-arc.gc.ca/xmlns/ccms/1-1-0" xmlns:comm="http://www.cra-arc.gc.ca/xmlns/comm/2019/1-0-0" xmlns:net="http://www.cra-arc.gc.ca/xmlns/netfile/2019/1-0-0" xmlns:sdt="http://www.cra-arc.gc.ca/xmlns/sdt/2-2-0" xmlns:sfd="http://www.cra-arc.gc.ca/xmlns/sfd/2019/1-0-0" xmlns:surv="http://www.cra-arc.gc.ca/xmlns/surv/1-0-0" xmlns:t1="http://www.cra-arc.gc.ca/xmlns/t1/2019/1-0-0" xmlns:t1135="http://www.cra-arc.gc.ca/xmlns/t1135/2019/1-0-0" xmlns:tp="http://www.cra-arc.gc.ca/xmlns/tp/2019/1-0-0" xmlns:xsi="http://www.w3.org/2001/XMLSchema-instance" xsi:schemaLocation="http://www.cra-arc.gc.ca/xmlns/netfile/2019/1-0-0 netfile.xsd">
  <net:T1Netfile>
    <t1:T1Return>
      <comm:SoftwareID>024G</comm:SoftwareID>
      <comm:SoftwareRevisionDate>2019-02-22</comm:SoftwareRevisionDate>
      <t1:TaxpayerData>
        <tp:TaxpayerBasicData>
          <tp:TaxpayerSocialInsuranceNumber>650099591</tp:TaxpayerSocialInsuranceNumber>
          <tp:TaxYear>2018</tp:TaxYear>
          <tp:TaxpayerBirthDate>1990-01-01</tp:TaxpayerBirthDate>
          <tp:TaxpayerMaritalStatusCode>6</tp:TaxpayerMaritalStatusCode>
        </tp:TaxpayerBasicData>
        <tp:TaxpayerResidenceData>
          <tp:TaxpayerYearEndResidenceProvinceCode>ON</tp:TaxpayerYearEndResidenceProvinceCode>
        </tp:TaxpayerResidenceData>
        <tp:TaxpayerContactData>
          <comm:TaxpayerName>
            <comm:GivenName>Gabrielle</comm:GivenName>
            <comm:FamilyName>Roy</comm:FamilyName>
          </comm:TaxpayerName>
          <tp:TaxpayerMailingAddress>
            <comm:CanadianMailingAddress>
              <comm:AddressStreetText>123 Front Street</comm:AddressStreetText>
              <comm:AddressMunicipalityName>Toronto</comm:AddressMunicipalityName>
              <comm:AddressProvinceCode>ON</comm:AddressProvinceCode>
              <comm:AddressPostalCode>M5J1E6</comm:AddressPostalCode>
            </comm:CanadianMailingAddress>
          </tp:TaxpayerMailingAddress>
          <tp:TaxpayerHomeTelephoneNumber>
            <comm:TelephoneAreaCode>416</comm:TelephoneAreaCode>
            <comm:TelephoneLocalNumber>1231234</comm:TelephoneLocalNumber>
          </tp:TaxpayerHomeTelephoneNumber>
          <tp:CorrespondenceLanguageCode>1</tp:CorrespondenceLanguageCode>
        </tp:TaxpayerContactData>
      </t1:TaxpayerData>
      <t1:RelatedProgramData>
        <t1:CanadianCitizenshipIndicator>1</t1:CanadianCitizenshipIndicator>
      </t1:RelatedProgramData>


      <comm:ReturnLine>
        <!-- Employment income (box 14 of all T4 slips)  -->
        <comm:FieldCode>101</comm:FieldCode>
        <comm:FieldValue>1234</comm:FieldValue>
      </comm:ReturnLine>

      <comm:ReturnLine>
        <!-- total income -->
        <comm:FieldCode>150</comm:FieldCode>
        <comm:FieldValue>1234</comm:FieldValue>
      </comm:ReturnLine>

      <comm:ReturnLine>
        <!-- taxable income -->
        <comm:FieldCode>260</comm:FieldCode>
        <comm:FieldValue>1234</comm:FieldValue>
      </comm:ReturnLine>

      <comm:ReturnLine>
        <!-- foreign property -->
        <comm:FieldCode>266</comm:FieldCode>
        <comm:FieldValue>2</comm:FieldValue>
      </comm:ReturnLine>

      <comm:ReturnLine>
        <!-- basic personal amount tax credit -->
        <comm:FieldCode>300</comm:FieldCode>
        <comm:FieldValue>11809</comm:FieldValue>
      </comm:ReturnLine>

      <comm:ReturnLine>
        <!-- Total federal non-refundable tax credits -->
        <comm:FieldCode>350</comm:FieldCode>
        <comm:FieldValue>1951</comm:FieldValue>
      </comm:ReturnLine>

      <comm:ReturnLine>
        <!-- Canada employment amount(Enter $1,195 or the total of your employment income you reported on lines 101 and 104 of your return, whichever is less.) -->
        <comm:FieldCode>363</comm:FieldCode>
        <comm:FieldValue>1195</comm:FieldValue>
      </comm:ReturnLine>

      <comm:ReturnLine>
        <!-- climate action incentive rural amount-->
        <comm:FieldCode>449</comm:FieldCode>
        <comm:FieldValue>0</comm:FieldValue>
      </comm:ReturnLine>

       <comm:ReturnLine>
       <!-- net federal tax -->
        <comm:FieldCode>420</comm:FieldCode>
        <comm:FieldValue>2048</comm:FieldValue>
      </comm:ReturnLine>

      <comm:ReturnLine>
        <!-- refund amount -->
        <comm:FieldCode>484</comm:FieldCode>
        <comm:FieldValue>9548</comm:FieldValue>
      </comm:ReturnLine>

      <comm:ReturnLine>
      <!-- total EI premiums ???? -->
        <comm:FieldCode>5028</comm:FieldCode>
        <comm:FieldValue>2048</comm:FieldValue>
      </comm:ReturnLine>

      <!-- Actual CPP contributions ??? -->
      <comm:ReturnLine>
        <comm:FieldCode>5034</comm:FieldCode>
        <comm:FieldValue>1</comm:FieldValue>
      </comm:ReturnLine>

      <!-- EI insurable earnings ??? -->
      <comm:ReturnLine>
        <comm:FieldCode>5478</comm:FieldCode>
        <comm:FieldValue>1234</comm:FieldValue>
      </comm:ReturnLine>

      <!-- Total CPP pensionable earnings ??? -->
      <comm:ReturnLine>
        <comm:FieldCode>5549</comm:FieldCode>
        <comm:FieldValue>1234</comm:FieldValue>
      </comm:ReturnLine>

      <!-- Ontario non-refundable tax credits -->
      <comm:ReturnLine>
        <!-- Basic personal amount ontario -->
        <comm:FieldCode>5804</comm:FieldCode>
        <comm:FieldValue>10354</comm:FieldValue>
      </comm:ReturnLine>

      <comm:ReturnLine>
        <!-- this is a combo of a couple lines, but for our simple purposes right now will just spit out 5804 -->
        <comm:FieldCode>5880</comm:FieldCode>
        <comm:FieldValue>10354</comm:FieldValue>
      </comm:ReturnLine>

      <comm:ReturnLine>
        <!-- multiple 5880 by the Ontario non-refundable tax credit rate (currently 5.05%) -->
        <comm:FieldCode>5884</comm:FieldCode>
        <comm:FieldValue>523</comm:FieldValue>
      </comm:ReturnLine>
      
      <comm:ReturnLine>
        <!-- rent amount -->
        <comm:FieldCode>6110</comm:FieldCode>
        <comm:FieldValue>1300</comm:FieldValue>
      </comm:ReturnLine>

      <comm:ReturnLine>
        <!-- property tax amount -->
        <comm:FieldCode>6112</comm:FieldCode>
        <comm:FieldValue>1300</comm:FieldValue>
      </comm:ReturnLine>

      <comm:ReturnLine>
        <!-- student residence yes/no -->
        <comm:FieldCode>6114</comm:FieldCode>
        <comm:FieldValue>1</comm:FieldValue>
      </comm:ReturnLine>
      <comm:ReturnLine>
        <!--  Ontario energy and property tax credit (OEPTC) -->
        <!-- 
          • rent or property tax for your principal residence was paid by or for you for 2018
          • you lived in a student residence
          • you lived in a long-term care home
          • you lived on a reserve and home energy costs were paid by or for you for your principal residence on the reserve for 2018
         -->
        <comm:FieldCode>6118</comm:FieldCode>
        <comm:FieldValue>1</comm:FieldValue>
      </comm:ReturnLine>

      <comm:ReturnLine>
        <!-- Northern Ontario energy credit (NOEC) -->
        <!-- 
          • rent or property tax for your principal residence in Northern Ontario was paid by or for you for 2018
          • you lived in a long-term care home in Northern Ontario
          • you lived on a reserve in Northern Ontario and home energy costs were paid by or for you for your principal residence on
          the reserve for 2018
         -->
        <comm:FieldCode>6119</comm:FieldCode>
        <comm:FieldValue>1</comm:FieldValue>
      </comm:ReturnLine>

      <comm:ReturnLine>
      <!-- reserve amount -->
        <comm:FieldCode>6121</comm:FieldCode>
        <comm:FieldValue>523</comm:FieldValue>
      </comm:ReturnLine>

      <comm:ReturnLine>
      <!-- long term or public non-profit care home -->
        <comm:FieldCode>6123</comm:FieldCode>
        <comm:FieldValue>523</comm:FieldValue>
      </comm:ReturnLine>
      
      <comm:ReturnLine>
        <!-- Ontario non-refundable tax credits ??? -->
        <comm:FieldCode>6150</comm:FieldCode>
        <comm:FieldValue>523</comm:FieldValue>
      </comm:ReturnLine>

      <comm:ReturnLine>
        <!-- Ontario political contributions made in 2018  -->
        <comm:FieldCode>6310</comm:FieldCode>
        <comm:FieldValue>100</comm:FieldValue>
      </comm:ReturnLine>
    </t1:T1Return>
  </net:T1Netfile>
</net:Netfile>